#
# There is insufficient memory for the Java Runtime Environment to continue.
# Native memory allocation (mmap) failed to map 123731968 bytes for G1 virtual space
# Possible reasons:
#   The system is out of physical RAM or swap space
#   The process is running with CompressedOops enabled, and the Java Heap may be blocking the growth of the native heap
# Possible solutions:
#   Reduce memory load on the system
#   Increase physical memory or swap space
#   Check if swap backing store is full
#   Decrease Java heap size (-Xmx/-Xms)
#   Decrease number of Java threads
#   Decrease Java thread stack sizes (-Xss)
#   Set larger code cache with -XX:ReservedCodeCacheSize=
#   JVM is running with Unscaled Compressed Oops mode in which the Java heap is
#     placed in the first 4GB address space. The Java Heap base address is the
#     maximum limit for the native heap growth. Please use -XX:HeapBaseMinAddress
#     to set the Java Heap base and to place the Java Heap above 4GB virtual address.
# This output file may be truncated or incomplete.
#
#  Out of Memory Error (os_windows.cpp:3530), pid=23936, tid=5340
#
# JRE version:  (18.0.2.1+1) (build )
# Java VM: Java HotSpot(TM) 64-Bit Server VM (18.0.2.1+1-1, mixed mode, sharing, tiered, compressed oops, compressed class ptrs, g1 gc, windows-amd64)
# No core dump will be written. Minidumps are not enabled by default on client versions of Windows
#

---------------  S U M M A R Y ------------

Command Line: -Dfile.encoding=UTF-8 -XX:+ShowCodeDetailsInExceptionMessages Main

Host: AMD Ryzen 7 4800H with Radeon Graphics         , 16 cores, 7G,  Windows 10 , 64 bit Build 19041 (10.0.19041.2251)
Time: Sat Nov 19 12:38:31 2022 ora solare Europa occidentale elapsed time: 0.017465 seconds (0d 0h 0m 0s)

---------------  T H R E A D  ---------------

Current thread (0x0000022508b8d8e0):  JavaThread "Unknown thread" [_thread_in_vm, id=5340, stack(0x00000052bd000000,0x00000052bd100000)]

Stack: [0x00000052bd000000,0x00000052bd100000]
Native frames: (J=compiled Java code, j=interpreted, Vv=VM code, C=native code)
V  [jvm.dll+0x6993aa]
V  [jvm.dll+0x7f46dd]
V  [jvm.dll+0x7f5fee]
V  [jvm.dll+0x7f66a3]
V  [jvm.dll+0x25cf1f]
V  [jvm.dll+0x6962f9]
V  [jvm.dll+0x68ae2a]
V  [jvm.dll+0x32255b]
V  [jvm.dll+0x329f36]
V  [jvm.dll+0x37eade]
V  [jvm.dll+0x37ed0f]
V  [jvm.dll+0x2fa2da]
V  [jvm.dll+0x2fb33d]
V  [jvm.dll+0x7c3310]
V  [jvm.dll+0x38be61]
V  [jvm.dll+0x7a2023]
V  [jvm.dll+0x40dc3f]
V  [jvm.dll+0x40f611]
C  [jli.dll+0x526b]
C  [ucrtbase.dll+0x21bb2]
C  [KERNEL32.DLL+0x174b4]
C  [ntdll.dll+0x526a1]


---------------  P R O C E S S  ---------------

Threads class SMR info:
_java_thread_list=0x00007ff94a58e550, length=0, elements={
}

Java Threads: ( => current thread )

Other Threads:
  0x0000022508beb7c0 WorkerThread "GC Thread#0" [stack: 0x00000052bd100000,0x00000052bd200000] [id=8804]
  0x0000022508bfc9b0 ConcurrentGCThread "G1 Main Marker" [stack: 0x00000052bd200000,0x00000052bd300000] [id=11976]
  0x0000022508bfe2c0 WorkerThread "G1 Conc#0" [stack: 0x00000052bd300000,0x00000052bd400000] [id=19488]

[error occurred during error reporting (printing all threads), id 0xc0000005, EXCEPTION_ACCESS_VIOLATION (0xc0000005) at pc=0x00007ff949dba877]

VM state: not at safepoint (not fully initialized)

VM Mutex/Monitor currently owned by a thread:  ([mutex/lock_event])
[0x0000022508b89ad0] Heap_lock - owner thread: 0x0000022508b8d8e0

Heap address: 0x000000008a000000, size: 1888 MB, Compressed Oops mode: 32-bit

CDS archive(s) mapped at: [0x0000000000000000-0x0000000000000000-0x0000000000000000), size 0, SharedBaseAddress: 0x0000000800000000, ArchiveRelocationMode: 0.
Narrow klass base: 0x0000000000000000, Narrow klass shift: 0, Narrow klass range: 0x0

GC Precious Log:
 CardTable entry size: 512
 Card Set container configuration: InlinePtr #cards 5 size 8 Array Of Cards #cards 12 size 40 Howl #buckets 4 coarsen threshold 1843 Howl Bitmap #cards 512 size 80 coarsen threshold 460 Card regions per heap region 1 cards per card region 2048

Heap:
 garbage-first heap   total 0K, used 0K [0x000000008a000000, 0x0000000100000000)
  region size 1024K, 0 young (0K), 0 survivors (0K)

[error occurred during error reporting (printing heap information), id 0xc0000005, EXCEPTION_ACCESS_VIOLATION (0xc0000005) at pc=0x00007ff94a1a1839]

GC Heap History (0 events):
No events

Deoptimization events (0 events):
No events

Classes loaded (0 events):
No events

Classes unloaded (0 events):
No events

Classes redefined (0 events):
No events

Internal exceptions (0 events):
No events

VM Operations (0 events):
No events

Events (1 events):
Event: 0.010 Loaded shared library C:\Program Files\Java\jdk-18.0.2.1\bin\java.dll


Dynamic libraries:
0x00007ff743260000 - 0x00007ff743270000 	C:\Program Files\Java\jdk-18.0.2.1\bin\javaw.exe
0x00007ff99c4f0000 - 0x00007ff99c6e8000 	C:\Windows\SYSTEM32\ntdll.dll
0x00007ff99c0f0000 - 0x00007ff99c1af000 	C:\Windows\System32\KERNEL32.DLL
0x00007ff999f80000 - 0x00007ff99a252000 	C:\Windows\System32\KERNELBASE.dll
0x00007ff999e80000 - 0x00007ff999f80000 	C:\Windows\System32\ucrtbase.dll
0x00007ff94a760000 - 0x00007ff94a77a000 	C:\Program Files\Java\jdk-18.0.2.1\bin\VCRUNTIME140.dll
0x00007ff94a780000 - 0x00007ff94a798000 	C:\Program Files\Java\jdk-18.0.2.1\bin\jli.dll
0x00007ff99bfe0000 - 0x00007ff99c08e000 	C:\Windows\System32\ADVAPI32.dll
0x00007ff99b3e0000 - 0x00007ff99b47e000 	C:\Windows\System32\msvcrt.dll
0x00007ff99b340000 - 0x00007ff99b3dc000 	C:\Windows\System32\sechost.dll
0x00007ff99c1b0000 - 0x00007ff99c2d5000 	C:\Windows\System32\RPCRT4.dll
0x00007ff99ac50000 - 0x00007ff99aded000 	C:\Windows\System32\USER32.dll
0x00007ff9895f0000 - 0x00007ff98988a000 	C:\Windows\WinSxS\amd64_microsoft.windows.common-controls_6595b64144ccf1df_6.0.19041.1110_none_60b5254171f9507e\COMCTL32.dll
0x00007ff99a3e0000 - 0x00007ff99a402000 	C:\Windows\System32\win32u.dll
0x00007ff99b4e0000 - 0x00007ff99b50b000 	C:\Windows\System32\GDI32.dll
0x00007ff99a2d0000 - 0x00007ff99a3df000 	C:\Windows\System32\gdi32full.dll
0x00007ff99a4a0000 - 0x00007ff99a53d000 	C:\Windows\System32\msvcp_win.dll
0x00007ff9907d0000 - 0x00007ff9907da000 	C:\Windows\SYSTEM32\VERSION.dll
0x00007ff99bd50000 - 0x00007ff99bd82000 	C:\Windows\System32\IMM32.DLL
0x00007ff9788c0000 - 0x00007ff9788cc000 	C:\Program Files\Java\jdk-18.0.2.1\bin\vcruntime140_1.dll
0x00007ff94a6d0000 - 0x00007ff94a75d000 	C:\Program Files\Java\jdk-18.0.2.1\bin\msvcp140.dll
0x00007ff949ab0000 - 0x00007ff94a6c1000 	C:\Program Files\Java\jdk-18.0.2.1\bin\server\jvm.dll
0x00007ff99bd40000 - 0x00007ff99bd48000 	C:\Windows\System32\PSAPI.DLL
0x00007ff9983d0000 - 0x00007ff9983f7000 	C:\Windows\SYSTEM32\WINMM.dll
0x00007ff9780e0000 - 0x00007ff9780e9000 	C:\Windows\SYSTEM32\WSOCK32.dll
0x00007ff99bf70000 - 0x00007ff99bfdb000 	C:\Windows\System32\WS2_32.dll
0x00007ff998470000 - 0x00007ff998482000 	C:\Windows\SYSTEM32\kernel.appcore.dll
0x00007ff977510000 - 0x00007ff97751a000 	C:\Program Files\Java\jdk-18.0.2.1\bin\jimage.dll
0x00007ff9977c0000 - 0x00007ff9979a4000 	C:\Windows\SYSTEM32\DBGHELP.DLL
0x00007ff985960000 - 0x00007ff98598c000 	C:\Windows\SYSTEM32\dbgcore.DLL
0x00007ff99a410000 - 0x00007ff99a492000 	C:\Windows\System32\bcryptPrimitives.dll
0x00007ff949a80000 - 0x00007ff949aa5000 	C:\Program Files\Java\jdk-18.0.2.1\bin\java.dll

dbghelp: loaded successfully - version: 4.0.5 - missing functions: none
symbol engine: initialized successfully - sym options: 0x614 - pdb path: .;C:\Program Files\Java\jdk-18.0.2.1\bin;C:\Windows\SYSTEM32;C:\Windows\WinSxS\amd64_microsoft.windows.common-controls_6595b64144ccf1df_6.0.19041.1110_none_60b5254171f9507e;C:\Program Files\Java\jdk-18.0.2.1\bin\server

VM Arguments:
jvm_args: -Dfile.encoding=UTF-8 -XX:+ShowCodeDetailsInExceptionMessages 
java_command: Main
java_class_path (initial): C:\Users\anton\Desktop\scuola\informatica\Calcolatrice\bin
Launcher Type: SUN_STANDARD

[Global flags]
     intx CICompilerCount                          = 12                                        {product} {ergonomic}
     uint ConcGCThreads                            = 3                                         {product} {ergonomic}
     uint G1ConcRefinementThreads                  = 13                                        {product} {ergonomic}
   size_t G1HeapRegionSize                         = 1048576                                   {product} {ergonomic}
    uintx GCDrainStackTargetSize                   = 64                                        {product} {ergonomic}
   size_t InitialHeapSize                          = 123731968                                 {product} {ergonomic}
   size_t MarkStackSize                            = 4194304                                   {product} {ergonomic}
   size_t MaxHeapSize                              = 1979711488                                {product} {ergonomic}
   size_t MinHeapDeltaBytes                        = 1048576                                   {product} {ergonomic}
   size_t MinHeapSize                              = 8388608                                   {product} {ergonomic}
    uintx NonNMethodCodeHeapSize                   = 7602480                                {pd product} {ergonomic}
    uintx NonProfiledCodeHeapSize                  = 122027880                              {pd product} {ergonomic}
    uintx ProfiledCodeHeapSize                     = 122027880                              {pd product} {ergonomic}
    uintx ReservedCodeCacheSize                    = 251658240                              {pd product} {ergonomic}
     bool SegmentedCodeCache                       = true                                      {product} {ergonomic}
     bool ShowCodeDetailsInExceptionMessages       = true                                   {manageable} {command line}
   size_t SoftMaxHeapSize                          = 1979711488                             {manageable} {ergonomic}
     bool UseCompressedClassPointers               = true                           {product lp64_product} {ergonomic}
     bool UseCompressedOops                        = true                           {product lp64_product} {ergonomic}
     bool UseG1GC                                  = true                                      {product} {ergonomic}
     bool UseLargePagesIndividualAllocation        = false                                  {pd product} {ergonomic}

Logging:
Log output configuration:
 #0: stdout all=warning uptime,level,tags foldmultilines=false
 #1: stderr all=off uptime,level,tags foldmultilines=false

Environment Variables:
PATH=C:\Program Files\Common Files\Oracle\Java\javapath;C:\Windows\system32;C:\Windows;C:\Windows\System32\Wbem;C:\Windows\System32\WindowsPowerShell\v1.0\;C:\Windows\System32\OpenSSH\;C:\Program Files\Git\cmd;C:\Program Files\Calibre2\;C:\Program Files\nodejs\;C:\Users\anton\AppData\Local\Programs\Python\Python311\Scripts\;C:\Users\anton\AppData\Local\Programs\Python\Python311\;C:\Users\anton\AppData\Local\Microsoft\WindowsApps;;C:\Users\anton\AppData\Local\Programs\Microsoft VS Code\bin;C:\Users\anton\AppData\Roaming\npm
USERNAME=anton
OS=Windows_NT
PROCESSOR_IDENTIFIER=AMD64 Family 23 Model 96 Stepping 1, AuthenticAMD



---------------  S Y S T E M  ---------------

OS:
 Windows 10 , 64 bit Build 19041 (10.0.19041.2251)
OS uptime: 6 days 20:01 hours

CPU: total 16 (initial active 16) (16 cores per cpu, 2 threads per core) family 23 model 96 stepping 1 microcode 0x0, cx8, cmov, fxsr, ht, mmx, 3dnowpref, sse, sse2, sse3, ssse3, sse4a, sse4.1, sse4.2, popcnt, lzcnt, tsc, tscinvbit, avx, avx2, aes, clmul, bmi1, bmi2, adx, sha, fma, vzeroupper, clflush, clflushopt

Memory: 4k page, system-wide physical 7549M (653M free)
TotalPageFile size 22909M (AvailPageFile size 39M)
current process WorkingSet (physical memory assigned to process): 10M, peak: 10M
current process commit charge ("private bytes"): 70M, peak: 188M

vm_info: Java HotSpot(TM) 64-Bit Server VM (18.0.2.1+1-1) for windows-amd64 JRE (18.0.2.1+1-1), built on Aug 16 2022 01:46:33 by "mach5one" with MS VC++ 16.8 / 16.9 (VS2019)

END.
