#
# There is insufficient memory for the Java Runtime Environment to continue.
# Native memory allocation (mmap) failed to map 65536 bytes for Failed to commit metaspace.
# Possible reasons:
#   The system is out of physical RAM or swap space
#   The process is running with CompressedOops enabled, and the Java Heap may be blocking the growth of the native heap
# Possible solutions:
#   Reduce memory load on the system
#   Increase physical memory or swap space
#   Check if swap backing store is full
#   Decrease Java heap size (-Xmx/-Xms)
#   Decrease number of Java threads
#   Decrease Java thread stack sizes (-Xss)
#   Set larger code cache with -XX:ReservedCodeCacheSize=
#   JVM is running with Unscaled Compressed Oops mode in which the Java heap is
#     placed in the first 4GB address space. The Java Heap base address is the
#     maximum limit for the native heap growth. Please use -XX:HeapBaseMinAddress
#     to set the Java Heap base and to place the Java Heap above 4GB virtual address.
# This output file may be truncated or incomplete.
#
#  Out of Memory Error (virtualSpaceNode.cpp:110), pid=26920, tid=9768
#
# JRE version: Java(TM) SE Runtime Environment (18.0.2.1+1) (build 18.0.2.1+1-1)
# Java VM: Java HotSpot(TM) 64-Bit Server VM (18.0.2.1+1-1, mixed mode, sharing, tiered, compressed oops, compressed class ptrs, g1 gc, windows-amd64)
# No core dump will be written. Minidumps are not enabled by default on client versions of Windows
#

---------------  S U M M A R Y ------------

Command Line: -Dfile.encoding=UTF-8 -XX:+ShowCodeDetailsInExceptionMessages Main

Host: AMD Ryzen 7 4800H with Radeon Graphics         , 16 cores, 7G,  Windows 10 , 64 bit Build 19041 (10.0.19041.2251)
Time: Sat Nov 19 12:44:02 2022 ora solare Europa occidentale elapsed time: 1.034606 seconds (0d 0h 0m 1s)

---------------  T H R E A D  ---------------

Current thread (0x00000144b2096d20):  JavaThread "C1 CompilerThread2" daemon [_thread_in_vm, id=9768, stack(0x00000013c7900000,0x00000013c7a00000)]


Current CompileTask:
C1:   1034  950       3       java.lang.Math::max (45 bytes)

Stack: [0x00000013c7900000,0x00000013c7a00000]
Native frames: (J=compiled Java code, j=interpreted, Vv=VM code, C=native code)
V  [jvm.dll+0x6993aa]
V  [jvm.dll+0x7f46dd]
V  [jvm.dll+0x7f5fee]
V  [jvm.dll+0x7f66a3]
V  [jvm.dll+0x25cf1f]
V  [jvm.dll+0x7f03eb]
V  [jvm.dll+0x63f526]
V  [jvm.dll+0x63f58a]
V  [jvm.dll+0x641e0e]
V  [jvm.dll+0x641cce]
V  [jvm.dll+0x63feee]
V  [jvm.dll+0x65184a]
V  [jvm.dll+0x64a73a]
V  [jvm.dll+0x1e4aa0]
V  [jvm.dll+0x1e4c86]
V  [jvm.dll+0x1487de]
V  [jvm.dll+0x148b26]
V  [jvm.dll+0x147f9a]
V  [jvm.dll+0x149c81]
V  [jvm.dll+0x23ee0a]
V  [jvm.dll+0x23d0f5]
V  [jvm.dll+0x7a6dd1]
V  [jvm.dll+0x7a120a]
V  [jvm.dll+0x698255]
C  [ucrtbase.dll+0x21bb2]
C  [KERNEL32.DLL+0x174b4]
C  [ntdll.dll+0x526a1]


---------------  P R O C E S S  ---------------

Threads class SMR info:
_java_thread_list=0x00000144b5a72d50, length=19, elements={
0x00000144ade2b760, 0x00000144ade2c2d0, 0x00000144ade41320, 0x00000144ade42be0,
0x00000144ade454a0, 0x00000144ade4dea0, 0x00000144ade4ebc0, 0x00000144ade52c30,
0x00000144ade56930, 0x00000144b2096820, 0x00000144b2096d20, 0x00000144b20a8dd0,
0x00000144b20a9ab0, 0x00000144b210e8e0, 0x00000144b22e8700, 0x00000144b22e8fd0,
0x00000144b5a96d00, 0x000001448f72dc50, 0x00000144b5b0cb80
}

Java Threads: ( => current thread )
  0x00000144ade2b760 JavaThread "Reference Handler" daemon [_thread_blocked, id=16836, stack(0x00000013c6f00000,0x00000013c7000000)]
  0x00000144ade2c2d0 JavaThread "Finalizer" daemon [_thread_blocked, id=2584, stack(0x00000013c7000000,0x00000013c7100000)]
  0x00000144ade41320 JavaThread "Signal Dispatcher" daemon [_thread_blocked, id=24496, stack(0x00000013c7100000,0x00000013c7200000)]
  0x00000144ade42be0 JavaThread "Attach Listener" daemon [_thread_blocked, id=9796, stack(0x00000013c7200000,0x00000013c7300000)]
  0x00000144ade454a0 JavaThread "Service Thread" daemon [_thread_blocked, id=4900, stack(0x00000013c7300000,0x00000013c7400000)]
  0x00000144ade4dea0 JavaThread "Monitor Deflation Thread" daemon [_thread_blocked, id=23728, stack(0x00000013c7400000,0x00000013c7500000)]
  0x00000144ade4ebc0 JavaThread "C2 CompilerThread0" daemon [_thread_blocked, id=13240, stack(0x00000013c7500000,0x00000013c7600000)]
  0x00000144ade52c30 JavaThread "C1 CompilerThread0" daemon [_thread_blocked, id=12500, stack(0x00000013c7600000,0x00000013c7700000)]
  0x00000144ade56930 JavaThread "Sweeper thread" daemon [_thread_blocked, id=4072, stack(0x00000013c7700000,0x00000013c7800000)]
  0x00000144b2096820 JavaThread "C1 CompilerThread1" daemon [_thread_blocked, id=16308, stack(0x00000013c7800000,0x00000013c7900000)]
=>0x00000144b2096d20 JavaThread "C1 CompilerThread2" daemon [_thread_in_vm, id=9768, stack(0x00000013c7900000,0x00000013c7a00000)]
  0x00000144b20a8dd0 JavaThread "Notification Thread" daemon [_thread_blocked, id=25756, stack(0x00000013c7a00000,0x00000013c7b00000)]
  0x00000144b20a9ab0 JavaThread "Common-Cleaner" daemon [_thread_blocked, id=26644, stack(0x00000013c7c00000,0x00000013c7d00000)]
  0x00000144b210e8e0 JavaThread "Java2D Disposer" daemon [_thread_blocked, id=27268, stack(0x00000013c7d00000,0x00000013c7e00000)]
  0x00000144b22e8700 JavaThread "AWT-Shutdown" [_thread_blocked, id=1880, stack(0x00000013c7e00000,0x00000013c7f00000)]
  0x00000144b22e8fd0 JavaThread "AWT-Windows" daemon [_thread_in_native, id=8860, stack(0x00000013c7f00000,0x00000013c8000000)]
  0x00000144b5a96d00 JavaThread "AWT-EventQueue-0" [_thread_in_native, id=27200, stack(0x00000013c8c00000,0x00000013c8d00000)]
  0x000001448f72dc50 JavaThread "DestroyJavaVM" [_thread_blocked, id=20644, stack(0x00000013c6800000,0x00000013c6900000)]
  0x00000144b5b0cb80 JavaThread "D3D Screen Updater" daemon [_thread_blocked, id=13280, stack(0x00000013c8e00000,0x00000013c8f00000)]

Other Threads:
  0x00000144ade28850 VMThread "VM Thread" [stack: 0x00000013c6e00000,0x00000013c6f00000] [id=17880]
  0x00000144b2098a50 WatcherThread "VM Periodic Task Thread" [stack: 0x00000013c7b00000,0x00000013c7c00000] [id=20328]
  0x000001448f78db30 WorkerThread "GC Thread#0" [stack: 0x00000013c6900000,0x00000013c6a00000] [id=7588]
  0x000001448f79ed20 ConcurrentGCThread "G1 Main Marker" [stack: 0x00000013c6a00000,0x00000013c6b00000] [id=4712]
  0x000001448f7a0630 WorkerThread "G1 Conc#0" [stack: 0x00000013c6b00000,0x00000013c6c00000] [id=23276]
  0x00000144adce80b0 ConcurrentGCThread "G1 Refine#0" [stack: 0x00000013c6c00000,0x00000013c6d00000] [id=24684]
  0x00000144adce88d0 ConcurrentGCThread "G1 Service" [stack: 0x00000013c6d00000,0x00000013c6e00000] [id=12084]

Threads with active compile tasks:
C1 CompilerThread0     1079  953       3       java.util.LinkedList$ListItr::next (56 bytes)
C1 CompilerThread1     1079  951       3       sun.java2d.pipe.ValidatePipe::fillRect (25 bytes)
C1 CompilerThread2     1079  950       3       java.lang.Math::max (45 bytes)

VM state: not at safepoint (normal execution)

VM Mutex/Monitor currently owned by a thread:  ([mutex/lock_event])
[0x000001448f7288b0] Metaspace_lock - owner thread: 0x00000144b2096d20
[0x000001448f72b360] MethodData_lock - owner thread: 0x00000144b2096d20

Heap address: 0x000000008a000000, size: 1888 MB, Compressed Oops mode: 32-bit

CDS archive(s) mapped at: [0x0000000800000000-0x0000000800ba0000-0x0000000800ba0000), size 12189696, SharedBaseAddress: 0x0000000800000000, ArchiveRelocationMode: 0.
Compressed class space mapped at: 0x0000000800c00000-0x0000000840c00000, reserved size: 1073741824
Narrow klass base: 0x0000000800000000, Narrow klass shift: 0, Narrow klass range: 0x100000000

GC Precious Log:
 CardTable entry size: 512
 Card Set container configuration: InlinePtr #cards 5 size 8 Array Of Cards #cards 12 size 40 Howl #buckets 4 coarsen threshold 1843 Howl Bitmap #cards 512 size 80 coarsen threshold 460 Card regions per heap region 1 cards per card region 2048
 CPUs: 16 total, 16 available
 Memory: 7549M
 Large Page Support: Disabled
 NUMA Support: Disabled
 Compressed Oops: Enabled (32-bit)
 Heap Region Size: 1M
 Heap Min Capacity: 8M
 Heap Initial Capacity: 118M
 Heap Max Capacity: 1888M
 Pre-touch: Disabled
 Parallel Workers: 13
 Concurrent Workers: 3
 Concurrent Refinement Workers: 13
 Periodic GC: Disabled

Heap:
 garbage-first heap   total 120832K, used 7168K [0x000000008a000000, 0x0000000100000000)
  region size 1024K, 8 young (8192K), 0 survivors (0K)
 Metaspace       used 7756K, committed 7936K, reserved 1114112K
  class space    used 878K, committed 1024K, reserved 1048576K

Heap Regions: E=young(eden), S=young(survivor), O=old, HS=humongous(starts), HC=humongous(continues), CS=collection set, F=free, OA=open archive, CA=closed archive, TAMS=top-at-mark-start (previous, next)
|   0|0x000000008a000000, 0x000000008a000000, 0x000000008a100000|  0%| F|  |TAMS 0x000000008a000000, 0x000000008a000000| Untracked 
|   1|0x000000008a100000, 0x000000008a100000, 0x000000008a200000|  0%| F|  |TAMS 0x000000008a100000, 0x000000008a100000| Untracked 
|   2|0x000000008a200000, 0x000000008a200000, 0x000000008a300000|  0%| F|  |TAMS 0x000000008a200000, 0x000000008a200000| Untracked 
|   3|0x000000008a300000, 0x000000008a300000, 0x000000008a400000|  0%| F|  |TAMS 0x000000008a300000, 0x000000008a300000| Untracked 
|   4|0x000000008a400000, 0x000000008a400000, 0x000000008a500000|  0%| F|  |TAMS 0x000000008a400000, 0x000000008a400000| Untracked 
|   5|0x000000008a500000, 0x000000008a500000, 0x000000008a600000|  0%| F|  |TAMS 0x000000008a500000, 0x000000008a500000| Untracked 
|   6|0x000000008a600000, 0x000000008a600000, 0x000000008a700000|  0%| F|  |TAMS 0x000000008a600000, 0x000000008a600000| Untracked 
|   7|0x000000008a700000, 0x000000008a700000, 0x000000008a800000|  0%| F|  |TAMS 0x000000008a700000, 0x000000008a700000| Untracked 
|   8|0x000000008a800000, 0x000000008a800000, 0x000000008a900000|  0%| F|  |TAMS 0x000000008a800000, 0x000000008a800000| Untracked 
|   9|0x000000008a900000, 0x000000008a900000, 0x000000008aa00000|  0%| F|  |TAMS 0x000000008a900000, 0x000000008a900000| Untracked 
|  10|0x000000008aa00000, 0x000000008aa00000, 0x000000008ab00000|  0%| F|  |TAMS 0x000000008aa00000, 0x000000008aa00000| Untracked 
|  11|0x000000008ab00000, 0x000000008ab00000, 0x000000008ac00000|  0%| F|  |TAMS 0x000000008ab00000, 0x000000008ab00000| Untracked 
|  12|0x000000008ac00000, 0x000000008ac00000, 0x000000008ad00000|  0%| F|  |TAMS 0x000000008ac00000, 0x000000008ac00000| Untracked 
|  13|0x000000008ad00000, 0x000000008ad00000, 0x000000008ae00000|  0%| F|  |TAMS 0x000000008ad00000, 0x000000008ad00000| Untracked 
|  14|0x000000008ae00000, 0x000000008ae00000, 0x000000008af00000|  0%| F|  |TAMS 0x000000008ae00000, 0x000000008ae00000| Untracked 
|  15|0x000000008af00000, 0x000000008af00000, 0x000000008b000000|  0%| F|  |TAMS 0x000000008af00000, 0x000000008af00000| Untracked 
|  16|0x000000008b000000, 0x000000008b000000, 0x000000008b100000|  0%| F|  |TAMS 0x000000008b000000, 0x000000008b000000| Untracked 
|  17|0x000000008b100000, 0x000000008b100000, 0x000000008b200000|  0%| F|  |TAMS 0x000000008b100000, 0x000000008b100000| Untracked 
|  18|0x000000008b200000, 0x000000008b200000, 0x000000008b300000|  0%| F|  |TAMS 0x000000008b200000, 0x000000008b200000| Untracked 
|  19|0x000000008b300000, 0x000000008b300000, 0x000000008b400000|  0%| F|  |TAMS 0x000000008b300000, 0x000000008b300000| Untracked 
|  20|0x000000008b400000, 0x000000008b400000, 0x000000008b500000|  0%| F|  |TAMS 0x000000008b400000, 0x000000008b400000| Untracked 
|  21|0x000000008b500000, 0x000000008b500000, 0x000000008b600000|  0%| F|  |TAMS 0x000000008b500000, 0x000000008b500000| Untracked 
|  22|0x000000008b600000, 0x000000008b600000, 0x000000008b700000|  0%| F|  |TAMS 0x000000008b600000, 0x000000008b600000| Untracked 
|  23|0x000000008b700000, 0x000000008b700000, 0x000000008b800000|  0%| F|  |TAMS 0x000000008b700000, 0x000000008b700000| Untracked 
|  24|0x000000008b800000, 0x000000008b800000, 0x000000008b900000|  0%| F|  |TAMS 0x000000008b800000, 0x000000008b800000| Untracked 
|  25|0x000000008b900000, 0x000000008b900000, 0x000000008ba00000|  0%| F|  |TAMS 0x000000008b900000, 0x000000008b900000| Untracked 
|  26|0x000000008ba00000, 0x000000008ba00000, 0x000000008bb00000|  0%| F|  |TAMS 0x000000008ba00000, 0x000000008ba00000| Untracked 
|  27|0x000000008bb00000, 0x000000008bb00000, 0x000000008bc00000|  0%| F|  |TAMS 0x000000008bb00000, 0x000000008bb00000| Untracked 
|  28|0x000000008bc00000, 0x000000008bc00000, 0x000000008bd00000|  0%| F|  |TAMS 0x000000008bc00000, 0x000000008bc00000| Untracked 
|  29|0x000000008bd00000, 0x000000008bd00000, 0x000000008be00000|  0%| F|  |TAMS 0x000000008bd00000, 0x000000008bd00000| Untracked 
|  30|0x000000008be00000, 0x000000008be00000, 0x000000008bf00000|  0%| F|  |TAMS 0x000000008be00000, 0x000000008be00000| Untracked 
|  31|0x000000008bf00000, 0x000000008bf00000, 0x000000008c000000|  0%| F|  |TAMS 0x000000008bf00000, 0x000000008bf00000| Untracked 
|  32|0x000000008c000000, 0x000000008c000000, 0x000000008c100000|  0%| F|  |TAMS 0x000000008c000000, 0x000000008c000000| Untracked 
|  33|0x000000008c100000, 0x000000008c100000, 0x000000008c200000|  0%| F|  |TAMS 0x000000008c100000, 0x000000008c100000| Untracked 
|  34|0x000000008c200000, 0x000000008c200000, 0x000000008c300000|  0%| F|  |TAMS 0x000000008c200000, 0x000000008c200000| Untracked 
|  35|0x000000008c300000, 0x000000008c300000, 0x000000008c400000|  0%| F|  |TAMS 0x000000008c300000, 0x000000008c300000| Untracked 
|  36|0x000000008c400000, 0x000000008c400000, 0x000000008c500000|  0%| F|  |TAMS 0x000000008c400000, 0x000000008c400000| Untracked 
|  37|0x000000008c500000, 0x000000008c500000, 0x000000008c600000|  0%| F|  |TAMS 0x000000008c500000, 0x000000008c500000| Untracked 
|  38|0x000000008c600000, 0x000000008c600000, 0x000000008c700000|  0%| F|  |TAMS 0x000000008c600000, 0x000000008c600000| Untracked 
|  39|0x000000008c700000, 0x000000008c700000, 0x000000008c800000|  0%| F|  |TAMS 0x000000008c700000, 0x000000008c700000| Untracked 
|  40|0x000000008c800000, 0x000000008c800000, 0x000000008c900000|  0%| F|  |TAMS 0x000000008c800000, 0x000000008c800000| Untracked 
|  41|0x000000008c900000, 0x000000008c900000, 0x000000008ca00000|  0%| F|  |TAMS 0x000000008c900000, 0x000000008c900000| Untracked 
|  42|0x000000008ca00000, 0x000000008ca00000, 0x000000008cb00000|  0%| F|  |TAMS 0x000000008ca00000, 0x000000008ca00000| Untracked 
|  43|0x000000008cb00000, 0x000000008cb00000, 0x000000008cc00000|  0%| F|  |TAMS 0x000000008cb00000, 0x000000008cb00000| Untracked 
|  44|0x000000008cc00000, 0x000000008cc00000, 0x000000008cd00000|  0%| F|  |TAMS 0x000000008cc00000, 0x000000008cc00000| Untracked 
|  45|0x000000008cd00000, 0x000000008cd00000, 0x000000008ce00000|  0%| F|  |TAMS 0x000000008cd00000, 0x000000008cd00000| Untracked 
|  46|0x000000008ce00000, 0x000000008ce00000, 0x000000008cf00000|  0%| F|  |TAMS 0x000000008ce00000, 0x000000008ce00000| Untracked 
|  47|0x000000008cf00000, 0x000000008cf00000, 0x000000008d000000|  0%| F|  |TAMS 0x000000008cf00000, 0x000000008cf00000| Untracked 
|  48|0x000000008d000000, 0x000000008d000000, 0x000000008d100000|  0%| F|  |TAMS 0x000000008d000000, 0x000000008d000000| Untracked 
|  49|0x000000008d100000, 0x000000008d100000, 0x000000008d200000|  0%| F|  |TAMS 0x000000008d100000, 0x000000008d100000| Untracked 
|  50|0x000000008d200000, 0x000000008d200000, 0x000000008d300000|  0%| F|  |TAMS 0x000000008d200000, 0x000000008d200000| Untracked 
|  51|0x000000008d300000, 0x000000008d300000, 0x000000008d400000|  0%| F|  |TAMS 0x000000008d300000, 0x000000008d300000| Untracked 
|  52|0x000000008d400000, 0x000000008d400000, 0x000000008d500000|  0%| F|  |TAMS 0x000000008d400000, 0x000000008d400000| Untracked 
|  53|0x000000008d500000, 0x000000008d500000, 0x000000008d600000|  0%| F|  |TAMS 0x000000008d500000, 0x000000008d500000| Untracked 
|  54|0x000000008d600000, 0x000000008d600000, 0x000000008d700000|  0%| F|  |TAMS 0x000000008d600000, 0x000000008d600000| Untracked 
|  55|0x000000008d700000, 0x000000008d700000, 0x000000008d800000|  0%| F|  |TAMS 0x000000008d700000, 0x000000008d700000| Untracked 
|  56|0x000000008d800000, 0x000000008d800000, 0x000000008d900000|  0%| F|  |TAMS 0x000000008d800000, 0x000000008d800000| Untracked 
|  57|0x000000008d900000, 0x000000008d900000, 0x000000008da00000|  0%| F|  |TAMS 0x000000008d900000, 0x000000008d900000| Untracked 
|  58|0x000000008da00000, 0x000000008da00000, 0x000000008db00000|  0%| F|  |TAMS 0x000000008da00000, 0x000000008da00000| Untracked 
|  59|0x000000008db00000, 0x000000008db00000, 0x000000008dc00000|  0%| F|  |TAMS 0x000000008db00000, 0x000000008db00000| Untracked 
|  60|0x000000008dc00000, 0x000000008dc00000, 0x000000008dd00000|  0%| F|  |TAMS 0x000000008dc00000, 0x000000008dc00000| Untracked 
|  61|0x000000008dd00000, 0x000000008dd00000, 0x000000008de00000|  0%| F|  |TAMS 0x000000008dd00000, 0x000000008dd00000| Untracked 
|  62|0x000000008de00000, 0x000000008de00000, 0x000000008df00000|  0%| F|  |TAMS 0x000000008de00000, 0x000000008de00000| Untracked 
|  63|0x000000008df00000, 0x000000008df00000, 0x000000008e000000|  0%| F|  |TAMS 0x000000008df00000, 0x000000008df00000| Untracked 
|  64|0x000000008e000000, 0x000000008e000000, 0x000000008e100000|  0%| F|  |TAMS 0x000000008e000000, 0x000000008e000000| Untracked 
|  65|0x000000008e100000, 0x000000008e100000, 0x000000008e200000|  0%| F|  |TAMS 0x000000008e100000, 0x000000008e100000| Untracked 
|  66|0x000000008e200000, 0x000000008e200000, 0x000000008e300000|  0%| F|  |TAMS 0x000000008e200000, 0x000000008e200000| Untracked 
|  67|0x000000008e300000, 0x000000008e300000, 0x000000008e400000|  0%| F|  |TAMS 0x000000008e300000, 0x000000008e300000| Untracked 
|  68|0x000000008e400000, 0x000000008e400000, 0x000000008e500000|  0%| F|  |TAMS 0x000000008e400000, 0x000000008e400000| Untracked 
|  69|0x000000008e500000, 0x000000008e500000, 0x000000008e600000|  0%| F|  |TAMS 0x000000008e500000, 0x000000008e500000| Untracked 
|  70|0x000000008e600000, 0x000000008e600000, 0x000000008e700000|  0%| F|  |TAMS 0x000000008e600000, 0x000000008e600000| Untracked 
|  71|0x000000008e700000, 0x000000008e700000, 0x000000008e800000|  0%| F|  |TAMS 0x000000008e700000, 0x000000008e700000| Untracked 
|  72|0x000000008e800000, 0x000000008e800000, 0x000000008e900000|  0%| F|  |TAMS 0x000000008e800000, 0x000000008e800000| Untracked 
|  73|0x000000008e900000, 0x000000008e900000, 0x000000008ea00000|  0%| F|  |TAMS 0x000000008e900000, 0x000000008e900000| Untracked 
|  74|0x000000008ea00000, 0x000000008ea00000, 0x000000008eb00000|  0%| F|  |TAMS 0x000000008ea00000, 0x000000008ea00000| Untracked 
|  75|0x000000008eb00000, 0x000000008eb00000, 0x000000008ec00000|  0%| F|  |TAMS 0x000000008eb00000, 0x000000008eb00000| Untracked 
|  76|0x000000008ec00000, 0x000000008ec00000, 0x000000008ed00000|  0%| F|  |TAMS 0x000000008ec00000, 0x000000008ec00000| Untracked 
|  77|0x000000008ed00000, 0x000000008ed00000, 0x000000008ee00000|  0%| F|  |TAMS 0x000000008ed00000, 0x000000008ed00000| Untracked 
|  78|0x000000008ee00000, 0x000000008ee00000, 0x000000008ef00000|  0%| F|  |TAMS 0x000000008ee00000, 0x000000008ee00000| Untracked 
|  79|0x000000008ef00000, 0x000000008ef00000, 0x000000008f000000|  0%| F|  |TAMS 0x000000008ef00000, 0x000000008ef00000| Untracked 
|  80|0x000000008f000000, 0x000000008f000000, 0x000000008f100000|  0%| F|  |TAMS 0x000000008f000000, 0x000000008f000000| Untracked 
|  81|0x000000008f100000, 0x000000008f100000, 0x000000008f200000|  0%| F|  |TAMS 0x000000008f100000, 0x000000008f100000| Untracked 
|  82|0x000000008f200000, 0x000000008f200000, 0x000000008f300000|  0%| F|  |TAMS 0x000000008f200000, 0x000000008f200000| Untracked 
|  83|0x000000008f300000, 0x000000008f300000, 0x000000008f400000|  0%| F|  |TAMS 0x000000008f300000, 0x000000008f300000| Untracked 
|  84|0x000000008f400000, 0x000000008f400000, 0x000000008f500000|  0%| F|  |TAMS 0x000000008f400000, 0x000000008f400000| Untracked 
|  85|0x000000008f500000, 0x000000008f500000, 0x000000008f600000|  0%| F|  |TAMS 0x000000008f500000, 0x000000008f500000| Untracked 
|  86|0x000000008f600000, 0x000000008f600000, 0x000000008f700000|  0%| F|  |TAMS 0x000000008f600000, 0x000000008f600000| Untracked 
|  87|0x000000008f700000, 0x000000008f700000, 0x000000008f800000|  0%| F|  |TAMS 0x000000008f700000, 0x000000008f700000| Untracked 
|  88|0x000000008f800000, 0x000000008f800000, 0x000000008f900000|  0%| F|  |TAMS 0x000000008f800000, 0x000000008f800000| Untracked 
|  89|0x000000008f900000, 0x000000008f900000, 0x000000008fa00000|  0%| F|  |TAMS 0x000000008f900000, 0x000000008f900000| Untracked 
|  90|0x000000008fa00000, 0x000000008fa00000, 0x000000008fb00000|  0%| F|  |TAMS 0x000000008fa00000, 0x000000008fa00000| Untracked 
|  91|0x000000008fb00000, 0x000000008fb00000, 0x000000008fc00000|  0%| F|  |TAMS 0x000000008fb00000, 0x000000008fb00000| Untracked 
|  92|0x000000008fc00000, 0x000000008fc00000, 0x000000008fd00000|  0%| F|  |TAMS 0x000000008fc00000, 0x000000008fc00000| Untracked 
|  93|0x000000008fd00000, 0x000000008fd00000, 0x000000008fe00000|  0%| F|  |TAMS 0x000000008fd00000, 0x000000008fd00000| Untracked 
|  94|0x000000008fe00000, 0x000000008fe00000, 0x000000008ff00000|  0%| F|  |TAMS 0x000000008fe00000, 0x000000008fe00000| Untracked 
|  95|0x000000008ff00000, 0x000000008ff00000, 0x0000000090000000|  0%| F|  |TAMS 0x000000008ff00000, 0x000000008ff00000| Untracked 
|  96|0x0000000090000000, 0x0000000090000000, 0x0000000090100000|  0%| F|  |TAMS 0x0000000090000000, 0x0000000090000000| Untracked 
|  97|0x0000000090100000, 0x0000000090100000, 0x0000000090200000|  0%| F|  |TAMS 0x0000000090100000, 0x0000000090100000| Untracked 
|  98|0x0000000090200000, 0x0000000090200000, 0x0000000090300000|  0%| F|  |TAMS 0x0000000090200000, 0x0000000090200000| Untracked 
|  99|0x0000000090300000, 0x0000000090300000, 0x0000000090400000|  0%| F|  |TAMS 0x0000000090300000, 0x0000000090300000| Untracked 
| 100|0x0000000090400000, 0x0000000090400000, 0x0000000090500000|  0%| F|  |TAMS 0x0000000090400000, 0x0000000090400000| Untracked 
| 101|0x0000000090500000, 0x0000000090500000, 0x0000000090600000|  0%| F|  |TAMS 0x0000000090500000, 0x0000000090500000| Untracked 
| 102|0x0000000090600000, 0x0000000090600000, 0x0000000090700000|  0%| F|  |TAMS 0x0000000090600000, 0x0000000090600000| Untracked 
| 103|0x0000000090700000, 0x0000000090700000, 0x0000000090800000|  0%| F|  |TAMS 0x0000000090700000, 0x0000000090700000| Untracked 
| 104|0x0000000090800000, 0x0000000090800000, 0x0000000090900000|  0%| F|  |TAMS 0x0000000090800000, 0x0000000090800000| Untracked 
| 105|0x0000000090900000, 0x0000000090900000, 0x0000000090a00000|  0%| F|  |TAMS 0x0000000090900000, 0x0000000090900000| Untracked 
| 106|0x0000000090a00000, 0x0000000090a00000, 0x0000000090b00000|  0%| F|  |TAMS 0x0000000090a00000, 0x0000000090a00000| Untracked 
| 107|0x0000000090b00000, 0x0000000090b00000, 0x0000000090c00000|  0%| F|  |TAMS 0x0000000090b00000, 0x0000000090b00000| Untracked 
| 108|0x0000000090c00000, 0x0000000090c00000, 0x0000000090d00000|  0%| F|  |TAMS 0x0000000090c00000, 0x0000000090c00000| Untracked 
| 109|0x0000000090d00000, 0x0000000090d00000, 0x0000000090e00000|  0%| F|  |TAMS 0x0000000090d00000, 0x0000000090d00000| Untracked 
| 110|0x0000000090e00000, 0x0000000090e76470, 0x0000000090f00000| 46%| E|  |TAMS 0x0000000090e00000, 0x0000000090e00000| Complete 
| 111|0x0000000090f00000, 0x0000000091000000, 0x0000000091000000|100%| E|CS|TAMS 0x0000000090f00000, 0x0000000090f00000| Complete 
| 112|0x0000000091000000, 0x0000000091100000, 0x0000000091100000|100%| E|CS|TAMS 0x0000000091000000, 0x0000000091000000| Complete 
| 113|0x0000000091100000, 0x0000000091200000, 0x0000000091200000|100%| E|CS|TAMS 0x0000000091100000, 0x0000000091100000| Complete 
| 114|0x0000000091200000, 0x0000000091300000, 0x0000000091300000|100%| E|CS|TAMS 0x0000000091200000, 0x0000000091200000| Complete 
| 115|0x0000000091300000, 0x0000000091400000, 0x0000000091400000|100%| E|CS|TAMS 0x0000000091300000, 0x0000000091300000| Complete 
| 116|0x0000000091400000, 0x0000000091500000, 0x0000000091500000|100%| E|CS|TAMS 0x0000000091400000, 0x0000000091400000| Complete 
| 117|0x0000000091500000, 0x0000000091600000, 0x0000000091600000|100%| E|CS|TAMS 0x0000000091500000, 0x0000000091500000| Complete 

Card table byte_map: [0x00000144a6ca0000,0x00000144a7050000] _byte_map_base: 0x00000144a6850000

Marking Bits (Prev, Next): (CMBitMap*) 0x000001448f78f050, (CMBitMap*) 0x000001448f78f090
 Prev Bits: [0x00000144a7400000, 0x00000144a9180000)
 Next Bits: [0x00000144a9180000, 0x00000144aaf00000)

Polling page: 0x000001448d700000

Metaspace:

Usage:
  Non-class:      6.72 MB used.
      Class:    878.17 KB used.
       Both:      7.58 MB used.

Virtual space:
  Non-class space:       64.00 MB reserved,       6.75 MB ( 11%) committed,  1 nodes.
      Class space:        1.00 GB reserved,       1.00 MB ( <1%) committed,  1 nodes.
             Both:        1.06 GB reserved,       7.75 MB ( <1%) committed. 

Chunk freelists:
   Non-Class:  1.00 MB
       Class:  3.05 MB
        Both:  4.05 MB

MaxMetaspaceSize: unlimited
CompressedClassSpaceSize: 1.00 GB
Initial GC threshold: 21.00 MB
Current GC threshold: 21.00 MB
CDS: on
MetaspaceReclaimPolicy: balanced
 - commit_granule_bytes: 65536.
 - commit_granule_words: 8192.
 - virtual_space_node_default_size: 8388608.
 - enlarge_chunks_in_place: 1.
 - new_chunks_are_fully_committed: 0.
 - uncommit_free_chunks: 1.
 - use_allocation_guard: 0.


Internal statistics:

num_allocs_failed_limit: 0.
num_arena_births: 114.
num_arena_deaths: 0.
num_vsnodes_births: 2.
num_vsnodes_deaths: 0.
num_space_committed: 124.
num_space_uncommitted: 0.
num_chunks_returned_to_freelist: 0.
num_chunks_taken_from_freelist: 166.
num_chunk_merges: 0.
num_chunk_splits: 88.
num_chunks_enlarged: 22.
num_inconsistent_stats: 0.

CodeHeap 'non-profiled nmethods': size=119168Kb used=222Kb max_used=222Kb free=118945Kb
 bounds [0x000001449ec10000, 0x000001449ee80000, 0x00000144a6070000]
CodeHeap 'profiled nmethods': size=119104Kb used=1398Kb max_used=1398Kb free=117705Kb
 bounds [0x00000144977c0000, 0x0000014497a30000, 0x000001449ec10000]
CodeHeap 'non-nmethods': size=7488Kb used=2413Kb max_used=2427Kb free=5074Kb
 bounds [0x0000014497070000, 0x00000144972e0000, 0x00000144977c0000]
 total_blobs=1556 nmethods=950 adapters=517
 compilation: enabled
              stopped_count=0, restarted_count=0
 full_count=0

Compilation events (20 events):
Event: 1.013 Thread 0x00000144b2096d20 nmethod 939 0x0000014497917190 code [0x00000144979173c0, 0x0000014497917af8]
Event: 1.020 Thread 0x00000144ade52c30  941       3       java.awt.geom.AffineTransform::setToScale (66 bytes)
Event: 1.020 Thread 0x00000144b2096820  942       3       sun.java2d.loops.RenderCache$Entry::matches (30 bytes)
Event: 1.020 Thread 0x00000144b2096d20  943       3       sun.java2d.pipe.BufferedPaints::setPaint (125 bytes)
Event: 1.020 Thread 0x00000144ade52c30 nmethod 941 0x0000014497917e10 code [0x0000014497917fe0, 0x0000014497918258]
Event: 1.020 Thread 0x00000144b2096820 nmethod 942 0x0000014497918310 code [0x00000144979184a0, 0x0000014497918678]
Event: 1.021 Thread 0x00000144ade52c30  944   !   3       sun.java2d.SunGraphics2D::fillRect (74 bytes)
Event: 1.021 Thread 0x00000144b2096d20 nmethod 943 0x0000014497918710 code [0x00000144979189a0, 0x0000014497919528]
Event: 1.021 Thread 0x00000144b2096d20  945   !   3       sun.font.FontManagerFactory::getInstance (41 bytes)
Event: 1.022 Thread 0x00000144ade52c30 nmethod 944 0x0000014497919890 code [0x0000014497919aa0, 0x000001449791a1a8]
Event: 1.023 Thread 0x00000144b2096d20 nmethod 945 0x000001449791a590 code [0x000001449791a7c0, 0x000001449791b0b8]
Event: 1.024 Thread 0x00000144b2096d20  946       3       java.awt.geom.AffineTransform::scale (285 bytes)
Event: 1.025 Thread 0x00000144b2096d20 nmethod 946 0x000001449791b490 code [0x000001449791b6e0, 0x000001449791bf88]
Event: 1.025 Thread 0x00000144b2096d20  947   !   3       sun.awt.image.SurfaceManager::getManager (47 bytes)
Event: 1.025 Thread 0x00000144b2096820  948       3       java.awt.Image$1::getSurfaceManager (5 bytes)
Event: 1.026 Thread 0x00000144b2096820 nmethod 948 0x000001449791c110 code [0x000001449791c2a0, 0x000001449791c3b8]
Event: 1.026 Thread 0x00000144b2096d20 nmethod 947 0x000001449791c490 code [0x000001449791c680, 0x000001449791cc38]
Event: 1.026 Thread 0x00000144b2096d20  949       3       java.util.Arrays$ArrayList::get (7 bytes)
Event: 1.027 Thread 0x00000144b2096d20 nmethod 949 0x000001449791cf90 code [0x000001449791d120, 0x000001449791d258]
Event: 1.027 Thread 0x00000144b2096d20  950       3       java.lang.Math::max (45 bytes)

GC Heap History (0 events):
No events

Deoptimization events (0 events):
No events

Classes loaded (20 events):
Event: 0.974 Loading class java/awt/SentEvent done
Event: 0.974 Loading class java/awt/DefaultKeyboardFocusManager$DefaultKeyboardFocusManagerSentEvent done
Event: 0.975 Loading class java/util/ArrayList$ListItr
Event: 0.976 Loading class java/util/ArrayList$ListItr done
Event: 0.977 Loading class java/awt/event/FocusEvent$Cause
Event: 0.977 Loading class java/awt/event/FocusEvent$Cause done
Event: 0.977 Loading class sun/awt/KeyboardFocusManagerPeerImpl$KfmAccessor
Event: 0.977 Loading class sun/awt/KeyboardFocusManagerPeerImpl$KfmAccessor done
Event: 0.978 Loading class java/awt/KeyboardFocusManager$HeavyweightFocusRequest
Event: 0.978 Loading class java/awt/KeyboardFocusManager$HeavyweightFocusRequest done
Event: 0.978 Loading class java/awt/DefaultKeyboardFocusManager$TypeAheadMarker
Event: 0.978 Loading class java/awt/DefaultKeyboardFocusManager$TypeAheadMarker done
Event: 0.978 Loading class java/awt/KeyboardFocusManager$LightweightFocusRequest
Event: 0.978 Loading class java/awt/KeyboardFocusManager$LightweightFocusRequest done
Event: 0.981 Loading class java/awt/Cursor$CursorDisposer
Event: 0.982 Loading class java/awt/Cursor$CursorDisposer done
Event: 0.983 Loading class java/util/concurrent/locks/AbstractQueuedSynchronizer$ExclusiveNode
Event: 0.984 Loading class java/util/concurrent/locks/AbstractQueuedSynchronizer$Node
Event: 0.984 Loading class java/util/concurrent/locks/AbstractQueuedSynchronizer$Node done
Event: 0.984 Loading class java/util/concurrent/locks/AbstractQueuedSynchronizer$ExclusiveNode done

Classes unloaded (0 events):
No events

Classes redefined (0 events):
No events

Internal exceptions (12 events):
Event: 0.104 Thread 0x000001448f72dc50 Exception <a 'java/lang/ClassNotFoundException'{0x000000009144f648}: sun/awt/resources/spi/awtProvider> (0x000000009144f648) 
thrown [s\open\src\hotspot\share\classfile\systemDictionary.cpp, line 255]
Event: 0.142 Thread 0x000001448f72dc50 Exception <a 'java/io/FileNotFoundException'{0x000000009132eaf0}> (0x000000009132eaf0) 
thrown [s\open\src\hotspot\share\prims\jni.cpp, line 516]
Event: 0.155 Thread 0x000001448f72dc50 Exception <a 'java/io/FileNotFoundException'{0x000000009135bb10}> (0x000000009135bb10) 
thrown [s\open\src\hotspot\share\prims\jni.cpp, line 516]
Event: 0.212 Thread 0x000001448f72dc50 Exception <a 'java/lang/NoSuchMethodError'{0x00000000913a62b8}: 'java.lang.Object java.lang.invoke.DirectMethodHandle$Holder.invokeStaticInit(java.lang.Object)'> (0x00000000913a62b8) 
thrown [s\open\src\hotspot\share\interpreter\linkResolver.cpp, line 759]
Event: 0.401 Thread 0x000001448f72dc50 Exception <a 'java/lang/NoSuchMethodError'{0x0000000091204e08}: 'void java.lang.invoke.DirectMethodHandle$Holder.invokeSpecial(java.lang.Object, java.lang.Object, java.lang.Object)'> (0x0000000091204e08) 
thrown [s\open\src\hotspot\share\interpreter\linkResolver.cpp, line 759]
Event: 0.417 Thread 0x000001448f72dc50 Exception <a 'java/lang/NoSuchMethodError'{0x000000009122fe20}: 'java.lang.Object java.lang.invoke.DirectMethodHandle$Holder.newInvokeSpecial(java.lang.Object, java.lang.Object, java.lang.Object, java.lang.Object, java.lang.Object)'> (0x000000009122fe20) 
thrown [s\open\src\hotspot\share\interpreter\linkResolver.cpp, line 759]
Event: 0.429 Thread 0x000001448f72dc50 Exception <a 'java/lang/NoSuchMethodError'{0x0000000091261930}: 'java.lang.Object java.lang.invoke.DirectMethodHandle$Holder.invokeStatic(java.lang.Object, int, java.lang.Object)'> (0x0000000091261930) 
thrown [s\open\src\hotspot\share\interpreter\linkResolver.cpp, line 759]
Event: 0.494 Thread 0x000001448f72dc50 Exception <a 'java/lang/ClassNotFoundException'{0x000000009111ee68}: com/sun/swing/internal/plaf/metal/resources/spi/metalProvider> (0x000000009111ee68) 
thrown [s\open\src\hotspot\share\classfile\systemDictionary.cpp, line 255]
Event: 0.496 Thread 0x000001448f72dc50 Exception <a 'java/lang/ClassNotFoundException'{0x0000000091122ed0}: com/sun/swing/internal/plaf/basic/resources/spi/basicProvider> (0x0000000091122ed0) 
thrown [s\open\src\hotspot\share\classfile\systemDictionary.cpp, line 255]
Event: 0.515 Thread 0x000001448f72dc50 Exception <a 'java/lang/NoSuchMethodError'{0x0000000091143888}: 'int java.lang.invoke.Invokers$Holder.invokeExact_MT(java.lang.Object, java.lang.Object)'> (0x0000000091143888) 
thrown [s\open\src\hotspot\share\interpreter\linkResolver.cpp, line 759]
Event: 0.625 Thread 0x00000144b22e8fd0 Exception <a 'java/lang/NoSuchMethodError'{0x00000000913fc338}: 'void java.lang.invoke.DirectMethodHandle$Holder.invokeVirtual(java.lang.Object, java.lang.Object)'> (0x00000000913fc338) 
thrown [s\open\src\hotspot\share\interpreter\linkResolver.cpp, line 759]
Event: 0.650 Thread 0x000001448f72dc50 Exception <a 'java/lang/NoSuchMethodError'{0x00000000911e94f8}: 'void java.lang.invoke.DirectMethodHandle$Holder.invokeStaticInit(java.lang.Object)'> (0x00000000911e94f8) 
thrown [s\open\src\hotspot\share\interpreter\linkResolver.cpp, line 759]

VM Operations (8 events):
Event: 0.493 Executing VM operation: HandshakeAllThreads
Event: 0.493 Executing VM operation: HandshakeAllThreads done
Event: 0.538 Executing VM operation: HandshakeAllThreads
Event: 0.538 Executing VM operation: HandshakeAllThreads done
Event: 0.541 Executing VM operation: HandshakeAllThreads
Event: 0.541 Executing VM operation: HandshakeAllThreads done
Event: 0.976 Executing VM operation: HandshakeAllThreads
Event: 0.976 Executing VM operation: HandshakeAllThreads done

Events (20 events):
Event: 0.040 Thread 0x00000144ade4ebc0 Thread added: 0x00000144ade4ebc0
Event: 0.040 Thread 0x00000144ade52c30 Thread added: 0x00000144ade52c30
Event: 0.041 Thread 0x00000144ade56930 Thread added: 0x00000144ade56930
Event: 0.059 Thread 0x00000144b2096820 Thread added: 0x00000144b2096820
Event: 0.059 Thread 0x00000144b2096d20 Thread added: 0x00000144b2096d20
Event: 0.062 Thread 0x00000144b20a8dd0 Thread added: 0x00000144b20a8dd0
Event: 0.066 Thread 0x00000144b20a9ab0 Thread added: 0x00000144b20a9ab0
Event: 0.094 Loaded shared library C:\Program Files\Java\jdk-18.0.2.1\bin\jimage.dll
Event: 0.120 Loaded shared library C:\Program Files\Java\jdk-18.0.2.1\bin\awt.dll
Event: 0.214 Thread 0x00000144b210e8e0 Thread added: 0x00000144b210e8e0
Event: 0.215 Thread 0x00000144b22e8700 Thread added: 0x00000144b22e8700
Event: 0.216 Thread 0x00000144b22e8fd0 Thread added: 0x00000144b22e8fd0
Event: 0.552 Loaded shared library C:\Program Files\Java\jdk-18.0.2.1\bin\freetype.dll
Event: 0.553 Loaded shared library C:\Program Files\Java\jdk-18.0.2.1\bin\fontmanager.dll
Event: 0.583 Loaded shared library C:\Program Files\Java\jdk-18.0.2.1\bin\net.dll
Event: 0.586 Loaded shared library C:\Program Files\Java\jdk-18.0.2.1\bin\nio.dll
Event: 0.624 Thread 0x00000144b5a96d00 Thread added: 0x00000144b5a96d00
Event: 0.791 Thread 0x000001448f72dc50 Thread exited: 0x000001448f72dc50
Event: 0.791 Thread 0x000001448f72dc50 Thread added: 0x000001448f72dc50
Event: 0.805 Thread 0x00000144b5b0cb80 Thread added: 0x00000144b5b0cb80


Dynamic libraries:
0x00007ff743260000 - 0x00007ff743270000 	C:\Program Files\Java\jdk-18.0.2.1\bin\javaw.exe
0x00007ff99c4f0000 - 0x00007ff99c6e8000 	C:\Windows\SYSTEM32\ntdll.dll
0x00007ff99c0f0000 - 0x00007ff99c1af000 	C:\Windows\System32\KERNEL32.DLL
0x00007ff999f80000 - 0x00007ff99a252000 	C:\Windows\System32\KERNELBASE.dll
0x00007ff999e80000 - 0x00007ff999f80000 	C:\Windows\System32\ucrtbase.dll
0x00007ff94a760000 - 0x00007ff94a77a000 	C:\Program Files\Java\jdk-18.0.2.1\bin\VCRUNTIME140.dll
0x00007ff94a780000 - 0x00007ff94a798000 	C:\Program Files\Java\jdk-18.0.2.1\bin\jli.dll
0x00007ff99bfe0000 - 0x00007ff99c08e000 	C:\Windows\System32\ADVAPI32.dll
0x00007ff99b3e0000 - 0x00007ff99b47e000 	C:\Windows\System32\msvcrt.dll
0x00007ff99b340000 - 0x00007ff99b3dc000 	C:\Windows\System32\sechost.dll
0x00007ff99c1b0000 - 0x00007ff99c2d5000 	C:\Windows\System32\RPCRT4.dll
0x00007ff99ac50000 - 0x00007ff99aded000 	C:\Windows\System32\USER32.dll
0x00007ff99a3e0000 - 0x00007ff99a402000 	C:\Windows\System32\win32u.dll
0x00007ff99b4e0000 - 0x00007ff99b50b000 	C:\Windows\System32\GDI32.dll
0x00007ff9895f0000 - 0x00007ff98988a000 	C:\Windows\WinSxS\amd64_microsoft.windows.common-controls_6595b64144ccf1df_6.0.19041.1110_none_60b5254171f9507e\COMCTL32.dll
0x00007ff99a2d0000 - 0x00007ff99a3df000 	C:\Windows\System32\gdi32full.dll
0x00007ff99a4a0000 - 0x00007ff99a53d000 	C:\Windows\System32\msvcp_win.dll
0x00007ff9907d0000 - 0x00007ff9907da000 	C:\Windows\SYSTEM32\VERSION.dll
0x00007ff99bd50000 - 0x00007ff99bd82000 	C:\Windows\System32\IMM32.DLL
0x00007ff9788c0000 - 0x00007ff9788cc000 	C:\Program Files\Java\jdk-18.0.2.1\bin\vcruntime140_1.dll
0x00007ff94a6d0000 - 0x00007ff94a75d000 	C:\Program Files\Java\jdk-18.0.2.1\bin\msvcp140.dll
0x00007ff949ab0000 - 0x00007ff94a6c1000 	C:\Program Files\Java\jdk-18.0.2.1\bin\server\jvm.dll
0x00007ff99bd40000 - 0x00007ff99bd48000 	C:\Windows\System32\PSAPI.DLL
0x00007ff9780e0000 - 0x00007ff9780e9000 	C:\Windows\SYSTEM32\WSOCK32.dll
0x00007ff9983d0000 - 0x00007ff9983f7000 	C:\Windows\SYSTEM32\WINMM.dll
0x00007ff99bf70000 - 0x00007ff99bfdb000 	C:\Windows\System32\WS2_32.dll
0x00007ff998470000 - 0x00007ff998482000 	C:\Windows\SYSTEM32\kernel.appcore.dll
0x00007ff977510000 - 0x00007ff97751a000 	C:\Program Files\Java\jdk-18.0.2.1\bin\jimage.dll
0x00007ff9977c0000 - 0x00007ff9979a4000 	C:\Windows\SYSTEM32\DBGHELP.DLL
0x00007ff985960000 - 0x00007ff98598c000 	C:\Windows\SYSTEM32\dbgcore.DLL
0x00007ff99a410000 - 0x00007ff99a492000 	C:\Windows\System32\bcryptPrimitives.dll
0x00007ff949a80000 - 0x00007ff949aa5000 	C:\Program Files\Java\jdk-18.0.2.1\bin\java.dll
0x00007ff949710000 - 0x00007ff9497e6000 	C:\Program Files\Java\jdk-18.0.2.1\bin\jsvml.dll
0x00007ff99b510000 - 0x00007ff99bc53000 	C:\Windows\System32\SHELL32.dll
0x00007ff9979b0000 - 0x00007ff998142000 	C:\Windows\SYSTEM32\windows.storage.dll
0x00007ff99a8f0000 - 0x00007ff99ac44000 	C:\Windows\System32\combase.dll
0x00007ff9995e0000 - 0x00007ff999610000 	C:\Windows\SYSTEM32\Wldp.dll
0x00007ff99a540000 - 0x00007ff99a5ed000 	C:\Windows\System32\SHCORE.dll
0x00007ff99bce0000 - 0x00007ff99bd35000 	C:\Windows\System32\shlwapi.dll
0x00007ff999b30000 - 0x00007ff999b4f000 	C:\Windows\SYSTEM32\profapi.dll
0x00007ff94af30000 - 0x00007ff94b0bf000 	C:\Program Files\Java\jdk-18.0.2.1\bin\awt.dll
0x00007ff99a6f0000 - 0x00007ff99a7bd000 	C:\Windows\System32\OLEAUT32.dll
0x00007ff991a50000 - 0x00007ff991ae1000 	C:\Windows\SYSTEM32\apphelp.dll
0x00007ff9969a0000 - 0x00007ff9969cf000 	C:\Windows\system32\DWMAPI.DLL
0x00007ff9967c0000 - 0x00007ff99685e000 	C:\Windows\system32\uxtheme.dll
0x00007ff94ae00000 - 0x00007ff94af25000 	C:\Windows\system32\opengl32.dll
0x00007ff994d10000 - 0x00007ff994d3c000 	C:\Windows\SYSTEM32\GLU32.dll
0x00007ff962f80000 - 0x00007ff9630b8000 	C:\ProgramData\A-Volute\A-Volute.Nahimic\Modules\Scheduled\x64\AudioDevProps2.dll
0x00007ff99a7c0000 - 0x00007ff99a8ea000 	C:\Windows\System32\ole32.dll
0x00007ff99bda0000 - 0x00007ff99beb5000 	C:\Windows\System32\MSCTF.dll
0x00007ff9634c0000 - 0x00007ff96368f000 	C:\Windows\system32\d3d9.dll
0x00007ff98cb70000 - 0x00007ff98cd4b000 	C:\Windows\System32\DriverStore\FileRepository\u0362640.inf_amd64_6bb9035e420a69f4\B360602\aticfx64.dll
0x00007ff9641b0000 - 0x00007ff9641e3000 	C:\Windows\System32\DriverStore\FileRepository\u0362640.inf_amd64_6bb9035e420a69f4\B360602\atiu9p64.dll
0x00007ff95df70000 - 0x00007ff95ec06000 	C:\Windows\System32\DriverStore\FileRepository\u0362640.inf_amd64_6bb9035e420a69f4\B360602\atiumd64.dll
0x00000000594c0000 - 0x000000005a33d000 	C:\Windows\System32\DriverStore\FileRepository\u0362640.inf_amd64_6bb9035e420a69f4\B360602\atiumd6a.dll
0x00007ff9996a0000 - 0x00007ff9996eb000 	C:\Windows\SYSTEM32\POWRPROF.dll
0x00007ff999680000 - 0x00007ff999692000 	C:\Windows\SYSTEM32\UMPDC.dll
0x00007ff98af70000 - 0x00007ff98af9f000 	C:\Windows\SYSTEM32\amdihk64.dll
0x00007ff98cf20000 - 0x00007ff98cf5b000 	C:\Windows\SYSTEM32\dxcore.dll
0x00007ff999bf0000 - 0x00007ff999c3e000 	C:\Windows\System32\cfgmgr32.dll
0x00007ff976bb0000 - 0x00007ff976c36000 	C:\Program Files\Java\jdk-18.0.2.1\bin\freetype.dll
0x00007ff963110000 - 0x00007ff9631b8000 	C:\Program Files\Java\jdk-18.0.2.1\bin\fontmanager.dll
0x00007ff9494b0000 - 0x00007ff9494c3000 	C:\Program Files\Java\jdk-18.0.2.1\bin\net.dll
0x00007ff98afa0000 - 0x00007ff98b0ac000 	C:\Windows\SYSTEM32\WINHTTP.dll
0x00007ff999340000 - 0x00007ff9993aa000 	C:\Windows\system32\mswsock.dll
0x00007ff949490000 - 0x00007ff9494a6000 	C:\Program Files\Java\jdk-18.0.2.1\bin\nio.dll
0x00007ff99bec0000 - 0x00007ff99bf6f000 	C:\Windows\System32\clbcatq.dll
0x00007ff993310000 - 0x00007ff9934c4000 	C:\Windows\SYSTEM32\WindowsCodecs.dll
0x00007ff999e50000 - 0x00007ff999e77000 	C:\Windows\System32\bcrypt.dll
0x00007ff987e50000 - 0x00007ff987e8e000 	C:\Windows\system32\dataexchange.dll
0x00007ff998160000 - 0x00007ff9983c3000 	C:\Windows\system32\d3d11.dll
0x00007ff990d00000 - 0x00007ff990ee3000 	C:\Windows\system32\dcomp.dll
0x00007ff9984b0000 - 0x00007ff9985a3000 	C:\Windows\system32\dxgi.dll
0x00007ff9934d0000 - 0x00007ff9936d0000 	C:\Windows\system32\twinapi.appcore.dll
0x00007ff98fce0000 - 0x00007ff98fdd9000 	C:\Windows\SYSTEM32\textinputframework.dll
0x00007ff991060000 - 0x00007ff9913be000 	C:\Windows\System32\CoreUIComponents.dll
0x00007ff991740000 - 0x00007ff991832000 	C:\Windows\System32\CoreMessaging.dll
0x00007ff998d10000 - 0x00007ff998d43000 	C:\Windows\SYSTEM32\ntmarta.dll
0x00007ff995640000 - 0x00007ff995794000 	C:\Windows\SYSTEM32\wintypes.dll

dbghelp: loaded successfully - version: 4.0.5 - missing functions: none
symbol engine: initialized successfully - sym options: 0x614 - pdb path: .;C:\Program Files\Java\jdk-18.0.2.1\bin;C:\Windows\SYSTEM32;C:\Windows\WinSxS\amd64_microsoft.windows.common-controls_6595b64144ccf1df_6.0.19041.1110_none_60b5254171f9507e;C:\Program Files\Java\jdk-18.0.2.1\bin\server;C:\ProgramData\A-Volute\A-Volute.Nahimic\Modules\Scheduled\x64;C:\Windows\System32\DriverStore\FileRepository\u0362640.inf_amd64_6bb9035e420a69f4\B360602

VM Arguments:
jvm_args: -Dfile.encoding=UTF-8 -XX:+ShowCodeDetailsInExceptionMessages 
java_command: Main
java_class_path (initial): C:\Users\anton\Desktop\scuola\informatica\Calcolatrice\bin
Launcher Type: SUN_STANDARD

[Global flags]
     intx CICompilerCount                          = 12                                        {product} {ergonomic}
     uint ConcGCThreads                            = 3                                         {product} {ergonomic}
     uint G1ConcRefinementThreads                  = 13                                        {product} {ergonomic}
   size_t G1HeapRegionSize                         = 1048576                                   {product} {ergonomic}
    uintx GCDrainStackTargetSize                   = 64                                        {product} {ergonomic}
   size_t InitialHeapSize                          = 123731968                                 {product} {ergonomic}
   size_t MarkStackSize                            = 4194304                                   {product} {ergonomic}
   size_t MaxHeapSize                              = 1979711488                                {product} {ergonomic}
   size_t MaxNewSize                               = 1186988032                                {product} {ergonomic}
   size_t MinHeapDeltaBytes                        = 1048576                                   {product} {ergonomic}
   size_t MinHeapSize                              = 8388608                                   {product} {ergonomic}
    uintx NonNMethodCodeHeapSize                   = 7602480                                {pd product} {ergonomic}
    uintx NonProfiledCodeHeapSize                  = 122027880                              {pd product} {ergonomic}
    uintx ProfiledCodeHeapSize                     = 122027880                              {pd product} {ergonomic}
    uintx ReservedCodeCacheSize                    = 251658240                              {pd product} {ergonomic}
     bool SegmentedCodeCache                       = true                                      {product} {ergonomic}
     bool ShowCodeDetailsInExceptionMessages       = true                                   {manageable} {command line}
   size_t SoftMaxHeapSize                          = 1979711488                             {manageable} {ergonomic}
     bool UseCompressedClassPointers               = true                           {product lp64_product} {ergonomic}
     bool UseCompressedOops                        = true                           {product lp64_product} {ergonomic}
     bool UseG1GC                                  = true                                      {product} {ergonomic}
     bool UseLargePagesIndividualAllocation        = false                                  {pd product} {ergonomic}

Logging:
Log output configuration:
 #0: stdout all=warning uptime,level,tags foldmultilines=false
 #1: stderr all=off uptime,level,tags foldmultilines=false

Environment Variables:
PATH=C:\Program Files\Common Files\Oracle\Java\javapath;C:\Windows\system32;C:\Windows;C:\Windows\System32\Wbem;C:\Windows\System32\WindowsPowerShell\v1.0\;C:\Windows\System32\OpenSSH\;C:\Program Files\Git\cmd;C:\Program Files\Calibre2\;C:\Program Files\nodejs\;C:\Users\anton\AppData\Local\Programs\Python\Python311\Scripts\;C:\Users\anton\AppData\Local\Programs\Python\Python311\;C:\Users\anton\AppData\Local\Microsoft\WindowsApps;;C:\Users\anton\AppData\Local\Programs\Microsoft VS Code\bin;C:\Users\anton\AppData\Roaming\npm
USERNAME=anton
OS=Windows_NT
PROCESSOR_IDENTIFIER=AMD64 Family 23 Model 96 Stepping 1, AuthenticAMD



---------------  S Y S T E M  ---------------

OS:
 Windows 10 , 64 bit Build 19041 (10.0.19041.2251)
OS uptime: 6 days 20:06 hours

CPU: total 16 (initial active 16) (16 cores per cpu, 2 threads per core) family 23 model 96 stepping 1 microcode 0x0, cx8, cmov, fxsr, ht, mmx, 3dnowpref, sse, sse2, sse3, ssse3, sse4a, sse4.1, sse4.2, popcnt, lzcnt, tsc, tscinvbit, avx, avx2, aes, clmul, bmi1, bmi2, adx, sha, fma, vzeroupper, clflush, clflushopt

Memory: 4k page, system-wide physical 7549M (998M free)
TotalPageFile size 22909M (AvailPageFile size 19M)
current process WorkingSet (physical memory assigned to process): 82M, peak: 82M
current process commit charge ("private bytes"): 262M, peak: 262M

vm_info: Java HotSpot(TM) 64-Bit Server VM (18.0.2.1+1-1) for windows-amd64 JRE (18.0.2.1+1-1), built on Aug 16 2022 01:46:33 by "mach5one" with MS VC++ 16.8 / 16.9 (VS2019)

END.
